2026-03-18 20:00:17,899 [INFO] Loading Baxter environment from models/baxter.xml
2026-03-18 20:00:18,095 [INFO] Connecting to policy server at ws://0.0.0.0:8000 …
2026-03-18 20:00:18,095 [INFO] Waiting for server at ws://0.0.0.0:8000...
2026-03-18 20:00:18,097 [INFO] Connected.  Server metadata: {}
2026-03-18 20:00:18,097 [WARNING] ============================================================
2026-03-18 20:00:18,097 [WARNING] OBSERVATION / ACTION SPACE MISMATCH SUMMARY
2026-03-18 20:00:18,097 [WARNING] ============================================================
2026-03-18 20:00:18,097 [WARNING] Policy trained on : LIBERO (Franka robot)
2026-03-18 20:00:18,097 [WARNING] Robot simulated   : Baxter
2026-03-18 20:00:18,097 [WARNING] 
2026-03-18 20:00:18,097 [WARNING]   observation/state expected by policy : 8-D  (eef_pos x3, eef_rot x3, gripper x2)
2026-03-18 20:00:18,097 [WARNING]   observation/state sent from Baxter   : 15-D joint positions → TRUNCATED to first 8 (semantically wrong)
2026-03-18 20:00:18,097 [WARNING] 
2026-03-18 20:00:18,097 [WARNING]   action output from policy : 7-D  (Δeef_pos x3, Δeef_rot x3, gripper x1)
2026-03-18 20:00:18,097 [WARNING]   action applied to Baxter  : padded to 15-D with zeros (joints 8-14 receive no signal)
2026-03-18 20:00:18,097 [WARNING] 
2026-03-18 20:00:18,097 [WARNING]   → Robot motion is NOT task-relevant. Fine-tuning on Baxter data is required.
2026-03-18 20:00:18,097 [WARNING] ============================================================
2026-03-18 20:00:18,117 [INFO] Prompt : 'pick up the cube'
2026-03-18 20:00:18,117 [INFO] Starting rollout — max_steps=300, replan_steps=10
2026-03-18 20:00:18,117 [INFO] Close the viewer window (or press Escape) to stop.
2026-03-18 20:00:18,309 [INFO] Step 0: requesting new action chunk
2026-03-18 20:00:18,382 [INFO]   Raw policy action (7D): [-0.36    0.5711 -0.6705 -0.0449 -0.0013  0.0714 -0.9965]
2026-03-18 20:00:18,384 [INFO]   Action stats — mean: -0.1428  std: 0.4241  min: -1.0060  max: 0.7200
2026-03-18 20:00:18,808 [INFO] Step 10: requesting new action chunk
2026-03-18 20:00:18,870 [INFO]   Raw policy action (7D): [-0.5039  0.1033 -0.5746  0.024  -0.1129  0.1882 -0.9929]
2026-03-18 20:00:18,870 [INFO]   Action stats — mean: -0.1776  std: 0.3928  min: -1.0013  max: 0.3531
2026-03-18 20:00:19,274 [INFO] Step 20: requesting new action chunk
2026-03-18 20:00:19,336 [INFO]   Raw policy action (7D): [-0.2256  0.1026 -0.3397 -0.0092 -0.0175  0.0777 -1.0003]
2026-03-18 20:00:19,336 [INFO]   Action stats — mean: -0.1747  std: 0.3744  min: -1.0041  max: 0.3473
2026-03-18 20:00:19,740 [INFO] Step 30: requesting new action chunk
2026-03-18 20:00:19,801 [INFO]   Raw policy action (7D): [-0.0275  0.0827 -0.0514 -0.0323  0.0269  0.0004 -1.0028]
2026-03-18 20:00:19,801 [INFO]   Action stats — mean: -0.1217  std: 0.3616  min: -1.0035  max: 0.1208
2026-03-18 20:00:20,195 [INFO] Step 40: requesting new action chunk
2026-03-18 20:00:20,257 [INFO]   Raw policy action (7D): [-0.4311  0.0622 -0.585  -0.025   0.0043  0.251   0.9812]
2026-03-18 20:00:20,257 [INFO]   Action stats — mean: -0.0593  std: 0.3978  min: -1.0046  max: 0.9989
2026-03-18 20:00:20,647 [INFO] Step 50: requesting new action chunk
2026-03-18 20:00:20,709 [INFO]   Raw policy action (7D): [-0.5048  0.0077 -0.7108  0.0344 -0.0891  0.04    0.9968]
2026-03-18 20:00:20,709 [INFO]   Action stats — mean: 0.0400  std: 0.4520  min: -0.7108  max: 1.0026
2026-03-18 20:00:21,108 [INFO] Step 60: requesting new action chunk
2026-03-18 20:00:21,170 [INFO]   Raw policy action (7D): [-0.131   0.0265 -0.0946 -0.0104 -0.018  -0.0521 -1.0016]
2026-03-18 20:00:21,170 [INFO]   Action stats — mean: -0.1494  std: 0.3498  min: -1.0045  max: 0.0702
2026-03-18 20:00:21,562 [INFO] Step 70: requesting new action chunk
2026-03-18 20:00:21,624 [INFO]   Raw policy action (7D): [-0.1433  0.0232 -0.2496 -0.0078 -0.0325 -0.0531  0.9963]
2026-03-18 20:00:21,624 [INFO]   Action stats — mean: 0.0615  std: 0.3977  min: -0.4359  max: 1.0020
2026-03-18 20:00:22,025 [INFO] Step 80: requesting new action chunk
2026-03-18 20:00:22,088 [INFO]   Raw policy action (7D): [-0.3221  0.2789 -0.5718 -0.0305 -0.0028  0.0128  0.9997]
2026-03-18 20:00:22,088 [INFO]   Action stats — mean: 0.0930  std: 0.3905  min: -0.5718  max: 1.0019
2026-03-18 20:00:22,478 [INFO] Step 90: requesting new action chunk
2026-03-18 20:00:22,541 [INFO]   Raw policy action (7D): [-0.0806  0.0768 -0.2586  0.0033 -0.0033  0.0061  0.9981]
2026-03-18 20:00:22,541 [INFO]   Action stats — mean: 0.1616  std: 0.3573  min: -0.2586  max: 1.0045
2026-03-18 20:00:22,929 [INFO] Step 100: requesting new action chunk
2026-03-18 20:00:22,991 [INFO]   Raw policy action (7D): [-0.4182  0.0143 -0.6606 -0.0052 -0.0008 -0.0077  0.9959]
2026-03-18 20:00:22,991 [INFO]   Action stats — mean: 0.0416  std: 0.4018  min: -0.9944  max: 1.0009
2026-03-18 20:00:23,381 [INFO] Step 110: requesting new action chunk
2026-03-18 20:00:23,444 [INFO]   Raw policy action (7D): [-0.5899 -0.0109 -0.4302 -0.0015 -0.0038 -0.0386  0.9967]
2026-03-18 20:00:23,444 [INFO]   Action stats — mean: 0.0902  std: 0.3959  min: -0.5899  max: 1.0051
2026-03-18 20:00:23,833 [INFO] Step 120: requesting new action chunk
2026-03-18 20:00:23,895 [INFO]   Raw policy action (7D): [-0.2608  0.0994 -0.4026 -0.0093 -0.008  -0.016   0.9997]
2026-03-18 20:00:23,895 [INFO]   Action stats — mean: 0.1358  std: 0.3656  min: -0.4026  max: 1.0093
2026-03-18 20:00:24,281 [INFO] Step 130: requesting new action chunk
2026-03-18 20:00:24,344 [INFO]   Raw policy action (7D): [-0.0956  0.1795 -0.2238 -0.0023 -0.0009  0.0192  0.9945]
2026-03-18 20:00:24,344 [INFO]   Action stats — mean: 0.1777  std: 0.3467  min: -0.2238  max: 1.0054
2026-03-18 20:00:24,731 [INFO] Step 140: requesting new action chunk
2026-03-18 20:00:24,795 [INFO]   Raw policy action (7D): [-0.1518 -0.0097 -0.2543  0.0004 -0.0873 -0.0013  1.0012]
2026-03-18 20:00:24,795 [INFO]   Action stats — mean: 0.1801  std: 0.3627  min: -0.2543  max: 1.0060
2026-03-18 20:00:25,184 [INFO] Step 150: requesting new action chunk
2026-03-18 20:00:25,246 [INFO]   Raw policy action (7D): [ 0.3612  0.1452  0.258  -0.0706 -0.0008 -0.0205 -1.001 ]
2026-03-18 20:00:25,246 [INFO]   Action stats — mean: -0.0597  std: 0.4067  min: -1.0028  max: 0.4184
2026-03-18 20:00:25,631 [INFO] Step 160: requesting new action chunk
2026-03-18 20:00:25,694 [INFO]   Raw policy action (7D): [-0.0229  0.0698 -0.0217 -0.0022 -0.0261 -0.0064 -0.9998]
2026-03-18 20:00:25,694 [INFO]   Action stats — mean: -0.1028  std: 0.3758  min: -1.0054  max: 0.2709
2026-03-18 20:00:26,084 [INFO] Step 170: requesting new action chunk
2026-03-18 20:00:26,147 [INFO]   Raw policy action (7D): [ 0.0342  0.1647  0.097  -0.036  -0.0005 -0.0192 -1.0033]
2026-03-18 20:00:26,147 [INFO]   Action stats — mean: -0.0826  std: 0.3870  min: -1.0033  max: 0.2977
2026-03-18 20:00:26,531 [INFO] Step 180: requesting new action chunk
2026-03-18 20:00:26,593 [INFO]   Raw policy action (7D): [-0.2519 -0.0254 -0.2919  0.0122 -0.0042  0.0267  0.995 ]
2026-03-18 20:00:26,593 [INFO]   Action stats — mean: -0.1040  std: 0.3742  min: -1.0065  max: 0.9950
2026-03-18 20:00:26,982 [INFO] Step 190: requesting new action chunk
2026-03-18 20:00:27,045 [INFO]   Raw policy action (7D): [ 0.0666  0.025   0.0052 -0.0223  0.0262  0.0252 -1.005 ]
2026-03-18 20:00:27,045 [INFO]   Action stats — mean: 0.0328  std: 0.3844  min: -1.0050  max: 0.9985
2026-03-18 20:00:27,433 [INFO] Step 200: requesting new action chunk
2026-03-18 20:00:27,495 [INFO]   Raw policy action (7D): [-0.4163  0.2221 -0.5715 -0.0772  0.0072  0.0482  1.0032]
2026-03-18 20:00:27,495 [INFO]   Action stats — mean: 0.0743  std: 0.4003  min: -0.5715  max: 1.0033
2026-03-18 20:00:27,882 [INFO] Step 210: requesting new action chunk
2026-03-18 20:00:27,944 [INFO]   Raw policy action (7D): [-0.0174  0.0021 -0.0092 -0.0058  0.0113 -0.0006 -1.0069]
2026-03-18 20:00:27,944 [INFO]   Action stats — mean: -0.1384  std: 0.3543  min: -1.0069  max: 0.0472
2026-03-18 20:00:28,334 [INFO] Step 220: requesting new action chunk
2026-03-18 20:00:28,397 [INFO]   Raw policy action (7D): [ 0.0099 -0.0037 -0.1332  0.0022 -0.0729 -0.0542  1.002 ]
2026-03-18 20:00:28,397 [INFO]   Action stats — mean: 0.0613  std: 0.3997  min: -0.4340  max: 1.0119
2026-03-18 20:00:28,783 [INFO] Step 230: requesting new action chunk
2026-03-18 20:00:28,845 [INFO]   Raw policy action (7D): [-0.208   0.0143 -0.1165 -0.0025 -0.0345  0.0006  0.995 ]
2026-03-18 20:00:28,846 [INFO]   Action stats — mean: 0.1699  std: 0.3547  min: -0.2080  max: 1.0131
2026-03-18 20:00:29,237 [INFO] Step 240: requesting new action chunk
2026-03-18 20:00:29,299 [INFO]   Raw policy action (7D): [-0.4532  0.0919 -0.4515 -0.0107 -0.0035  0.0556  0.9913]
2026-03-18 20:00:29,299 [INFO]   Action stats — mean: -0.0703  std: 0.3801  min: -1.0036  max: 0.9955
2026-03-18 20:00:29,684 [INFO] Step 250: requesting new action chunk
2026-03-18 20:00:29,746 [INFO]   Raw policy action (7D): [ 0.0517  0.1262 -0.0217 -0.0063 -0.0287 -0.0383 -1.0031]
2026-03-18 20:00:29,746 [INFO]   Action stats — mean: -0.0981  std: 0.3765  min: -1.0046  max: 0.2462
2026-03-18 20:00:30,145 [INFO] Step 260: requesting new action chunk
2026-03-18 20:00:30,207 [INFO]   Raw policy action (7D): [-0.0178  0.0471 -0.0421 -0.0216 -0.0193 -0.0063 -1.0095]
2026-03-18 20:00:30,207 [INFO]   Action stats — mean: -0.1203  std: 0.3664  min: -1.0126  max: 0.1825
2026-03-18 20:00:30,587 [INFO] Step 270: requesting new action chunk
2026-03-18 20:00:30,649 [INFO]   Raw policy action (7D): [-0.3021  0.4147 -0.3962 -0.0358 -0.0272  0.0503  1.0032]
2026-03-18 20:00:30,649 [INFO]   Action stats — mean: 0.1383  std: 0.3687  min: -0.3962  max: 1.0043
2026-03-18 20:00:31,036 [INFO] Step 280: requesting new action chunk
2026-03-18 20:00:31,098 [INFO]   Raw policy action (7D): [-0.2793  0.025  -0.5167  0.0033 -0.0098  0.01    0.9927]
2026-03-18 20:00:31,098 [INFO]   Action stats — mean: 0.1166  std: 0.3719  min: -0.5167  max: 1.0047
2026-03-18 20:00:31,486 [INFO] Step 290: requesting new action chunk
2026-03-18 20:00:31,548 [INFO]   Raw policy action (7D): [-0.0561  0.0417 -0.0703 -0.004  -0.0043 -0.0201  0.9982]
2026-03-18 20:00:31,548 [INFO]   Action stats — mean: 0.1115  std: 0.3751  min: -0.5865  max: 1.0031
2026-03-18 20:00:31,935 [INFO] Diagnostics saved to data/baxter/diagnostics.csv
2026-03-18 20:00:31,935 [INFO] Saving video (300 frames) to data/baxter/videos/rollout_0000.mp4
2026-03-18 20:00:32,045 [INFO] Done.
